
Scratch directory: /tmp/
   => Libint2 <=

    Primary   basis highest AM E, G, H:  6, 6, 3
    Auxiliary basis highest AM E, G, H:  7, 7, 4
    Onebody   basis highest AM E, G, H:  -, -, -
    Solid Harmonics ordering:            Gaussian

*** tstart() called on vlita-ThinkPad-T490
*** at Thu Apr 10 20:35:35 2025

   => Loading Basis Set <=

    Name: STO-6G
    Role: ORBITAL
    Keyword: BASIS
    atoms 1-10 entry H          line    17 file /home/vlita/anaconda3/envs/qforte_env/share/psi4/basis/sto-6g.gbs 


         ---------------------------------------------------------
                                   SCF
               by Justin Turney, Rob Parrish, Andy Simmonett
                          and Daniel G. A. Smith
                              RHF Reference
                        1 Threads,   1907 MiB Core
         ---------------------------------------------------------

  ==> Geometry <==

    Molecular point group: c1
    Full point group: Td

    Geometry (in Angstrom), charge = 0, multiplicity = 1:

       Center              X                  Y                   Z               Mass       
    ------------   -----------------  -----------------  -----------------  -----------------
         H            0.000000000000     1.500000000000     1.060660171780     1.007825032230
         H           -0.750000000000     0.750000000000     0.000000000000     1.007825032230
         H            0.750000000000     0.750000000000     0.000000000000     1.007825032230
         H           -1.500000000000     0.000000000000    -1.060660171780     1.007825032230
         H            0.000000000000     0.000000000000    -1.060660171780     1.007825032230
         H            1.500000000000     0.000000000000    -1.060660171780     1.007825032230
         H            0.000000000000     0.000000000000     1.060660171780     1.007825032230
         H           -0.750000000000    -0.750000000000     0.000000000000     1.007825032230
         H            0.750000000000    -0.750000000000     0.000000000000     1.007825032230
         H            0.000000000000    -1.500000000000     1.060660171780     1.007825032230

  Running in c1 symmetry.

  Rotational constants: A =      1.23902  B =      1.23902  C =      1.23902 [cm^-1]
  Rotational constants: A =  37144.82270  B =  37144.82270  C =  37144.82270 [MHz]
  Nuclear repulsion =   12.717724220523003

  Charge       = 0
  Multiplicity = 1
  Electrons    = 10
  Nalpha       = 5
  Nbeta        = 5

  ==> Algorithm <==

  SCF Algorithm Type is PK.
  DIIS enabled.
  MOM disabled.
  Fractional occupation disabled.
  Guess Type is SAD.
  Energy threshold   = 1.00e-08
  Density threshold  = 1.00e-08
  Integral threshold = 1.00e-12

  ==> Primary Basis <==

  Basis Set: STO-6G
    Blend: STO-6G
    Number of shells: 10
    Number of basis functions: 10
    Number of Cartesian functions: 10
    Spherical Harmonics?: true
    Max angular momentum: 0

  ==> Integral Setup <==

  Using in-core PK algorithm.
   Calculation information:
      Number of atoms:                  10
      Number of AO shells:              10
      Number of primitives:             60
      Number of atomic orbitals:        10
      Number of basis functions:        10

      Integral cutoff                 1.00e-12
      Number of threads:                 1

  Performing in-core PK
  Using 3080 doubles for integral storage.
  We computed 1540 shell quartets total.
  Whereas there are 1540 unique shell quartets.

  ==> DiskJK: Disk-Based J/K Matrices <==

    J tasked:                  Yes
    K tasked:                  Yes
    wK tasked:                  No
    Memory [MiB]:             1430
    Schwarz Cutoff:          1E-12

    OpenMP threads:              1

  Minimum eigenvalue in the overlap matrix is 5.8485844024E-01.
  Reciprocal condition number of the overlap matrix is 2.3359348298E-01.
    Using symmetric orthogonalization.

  ==> Pre-Iterations <==

  SCF Guess: Superposition of Atomic Densities via on-the-fly atomic UHF (no occupation information).

   -------------------------
    Irrep   Nso     Nmo    
   -------------------------
     A         10      10 
   -------------------------
    Total      10      10
   -------------------------

  ==> Iterations <==

                        Total Energy        Delta E     RMS |[F,P]|

   @RHF iter SAD:    -3.33666338312079   -3.33666e+00   0.00000e+00 
   @RHF iter   1:    -4.31095807179448   -9.74295e-01   1.04259e-02 DIIS/ADIIS
   @RHF iter   2:    -4.32830962832939   -1.73516e-02   5.45317e-05 DIIS
   @RHF iter   3:    -4.32831010509458   -4.76765e-07   2.01468e-07 DIIS
   @RHF iter   4:    -4.32831010510109   -6.51035e-12   3.72962e-10 DIIS
  Energy and wave function converged.


  ==> Post-Iterations <==

    Orbital Energies [Eh]
    ---------------------

    Doubly Occupied:                                                      

       1A     -0.753271     2A     -0.394500     3A     -0.394500  
       4A     -0.394500     5A      0.010087  

    Virtual:                                                              

       6A      0.228299     7A      0.228299     8A      0.228299  
       9A      0.267108    10A      0.267108  

    Final Occupation by Irrep:
              A 
    DOCC [     5 ]
    NA   [     5 ]
    NB   [     5 ]

  @RHF Final Energy:    -4.32831010510109

   => Energetics <=

    Nuclear Repulsion Energy =             12.7177242205230030
    One-Electron Energy =                 -30.2387042632052250
    Two-Electron Energy =                  13.1926699375811296
    Total Energy =                         -4.3283101051010924

Computation Completed


Properties will be evaluated at   0.000000,   0.000000,   0.000000 [a0]

Properties computed using the SCF density matrix


 Multipole Moments:

 ------------------------------------------------------------------------------------
     Multipole            Electronic (a.u.)      Nuclear  (a.u.)        Total (a.u.)
 ------------------------------------------------------------------------------------

 L = 1.  Multiply by 2.5417464519 to convert [e a0] to [Debye]
 Dipole X            :          0.0000000            0.0000000            0.0000000
 Dipole Y            :          0.0000000            0.0000000            0.0000000
 Dipole Z            :          0.0000000            0.0000000            0.0000000
 Magnitude           :                                                    0.0000000

 ------------------------------------------------------------------------------------

*** tstop() called on vlita-ThinkPad-T490 at Thu Apr 10 20:35:35 2025
Module time:
	user time   =       0.46 seconds =       0.01 minutes
	system time =       0.01 seconds =       0.00 minutes
	total time  =          0 seconds =       0.00 minutes
Total time:
	user time   =      37.35 seconds =       0.62 minutes
	system time =       0.84 seconds =       0.01 minutes
	total time  =         38 seconds =       0.63 minutes

Scratch directory: /tmp/
   => Libint2 <=

    Primary   basis highest AM E, G, H:  6, 6, 3
    Auxiliary basis highest AM E, G, H:  7, 7, 4
    Onebody   basis highest AM E, G, H:  -, -, -
    Solid Harmonics ordering:            Gaussian

*** tstart() called on vlita-ThinkPad-T490
*** at Thu Apr 10 20:35:35 2025

   => Loading Basis Set <=

    Name: STO-6G
    Role: ORBITAL
    Keyword: BASIS
    atoms 1-10 entry H          line    17 file /home/vlita/anaconda3/envs/qforte_env/share/psi4/basis/sto-6g.gbs 


         ---------------------------------------------------------
                                   SCF
               by Justin Turney, Rob Parrish, Andy Simmonett
                          and Daniel G. A. Smith
                              RHF Reference
                        1 Threads,   1907 MiB Core
         ---------------------------------------------------------

  ==> Geometry <==

    Molecular point group: c1
    Full point group: Td

    Geometry (in Angstrom), charge = 0, multiplicity = 1:

       Center              X                  Y                   Z               Mass       
    ------------   -----------------  -----------------  -----------------  -----------------
         H            0.000000000000     1.500000000000     1.060660171780     1.007825032230
         H           -0.750000000000     0.750000000000     0.000000000000     1.007825032230
         H            0.750000000000     0.750000000000     0.000000000000     1.007825032230
         H           -1.500000000000     0.000000000000    -1.060660171780     1.007825032230
         H            0.000000000000     0.000000000000    -1.060660171780     1.007825032230
         H            1.500000000000     0.000000000000    -1.060660171780     1.007825032230
         H            0.000000000000     0.000000000000     1.060660171780     1.007825032230
         H           -0.750000000000    -0.750000000000     0.000000000000     1.007825032230
         H            0.750000000000    -0.750000000000     0.000000000000     1.007825032230
         H            0.000000000000    -1.500000000000     1.060660171780     1.007825032230

  Running in c1 symmetry.

  Rotational constants: A =      1.23902  B =      1.23902  C =      1.23902 [cm^-1]
  Rotational constants: A =  37144.82270  B =  37144.82270  C =  37144.82270 [MHz]
  Nuclear repulsion =   12.717724220522999

  Charge       = 0
  Multiplicity = 1
  Electrons    = 10
  Nalpha       = 5
  Nbeta        = 5

  ==> Algorithm <==

  SCF Algorithm Type is PK.
  DIIS enabled.
  MOM disabled.
  Fractional occupation disabled.
  Guess Type is SAD.
  Energy threshold   = 1.00e-08
  Density threshold  = 1.00e-08
  Integral threshold = 1.00e-12

  ==> Primary Basis <==

  Basis Set: STO-6G
    Blend: STO-6G
    Number of shells: 10
    Number of basis functions: 10
    Number of Cartesian functions: 10
    Spherical Harmonics?: true
    Max angular momentum: 0

  ==> Integral Setup <==

  Using in-core PK algorithm.
   Calculation information:
      Number of atoms:                  10
      Number of AO shells:              10
      Number of primitives:             60
      Number of atomic orbitals:        10
      Number of basis functions:        10

      Integral cutoff                 1.00e-12
      Number of threads:                 1

  Performing in-core PK
  Using 3080 doubles for integral storage.
  We computed 1540 shell quartets total.
  Whereas there are 1540 unique shell quartets.

  ==> DiskJK: Disk-Based J/K Matrices <==

    J tasked:                  Yes
    K tasked:                  Yes
    wK tasked:                  No
    Memory [MiB]:             1430
    Schwarz Cutoff:          1E-12

    OpenMP threads:              1

  Minimum eigenvalue in the overlap matrix is 5.8485844024E-01.
  Reciprocal condition number of the overlap matrix is 2.3359348298E-01.
    Using symmetric orthogonalization.

  ==> Pre-Iterations <==

  SCF Guess: Superposition of Atomic Densities via on-the-fly atomic UHF (no occupation information).

   -------------------------
    Irrep   Nso     Nmo    
   -------------------------
     A         10      10 
   -------------------------
    Total      10      10
   -------------------------

  ==> Iterations <==

                        Total Energy        Delta E     RMS |[F,P]|

   @RHF iter SAD:    -3.33666338312080   -3.33666e+00   0.00000e+00 
   @RHF iter   1:    -4.31095807179447   -9.74295e-01   1.04259e-02 DIIS/ADIIS
   @RHF iter   2:    -4.32830962832939   -1.73516e-02   5.45317e-05 DIIS
   @RHF iter   3:    -4.32831010509459   -4.76765e-07   2.01468e-07 DIIS
   @RHF iter   4:    -4.32831010510110   -6.51212e-12   3.72961e-10 DIIS
  Energy and wave function converged.


  ==> Post-Iterations <==

    Orbital Energies [Eh]
    ---------------------

    Doubly Occupied:                                                      

       1A     -0.753271     2A     -0.394500     3A     -0.394500  
       4A     -0.394500     5A      0.010087  

    Virtual:                                                              

       6A      0.228299     7A      0.228299     8A      0.228299  
       9A      0.267108    10A      0.267108  

    Final Occupation by Irrep:
              A 
    DOCC [     5 ]
    NA   [     5 ]
    NB   [     5 ]

  @RHF Final Energy:    -4.32831010510110

   => Energetics <=

    Nuclear Repulsion Energy =             12.7177242205229994
    One-Electron Energy =                 -30.2387042632052570
    Two-Electron Energy =                  13.1926699375811562
    Total Energy =                         -4.3283101051011013

Computation Completed


Properties will be evaluated at   0.000000,   0.000000,   0.000000 [a0]

Properties computed using the SCF density matrix


 Multipole Moments:

 ------------------------------------------------------------------------------------
     Multipole            Electronic (a.u.)      Nuclear  (a.u.)        Total (a.u.)
 ------------------------------------------------------------------------------------

 L = 1.  Multiply by 2.5417464519 to convert [e a0] to [Debye]
 Dipole X            :          0.0000000            0.0000000            0.0000000
 Dipole Y            :         -0.0000000            0.0000000           -0.0000000
 Dipole Z            :          0.0000000            0.0000000            0.0000000
 Magnitude           :                                                    0.0000000

 ------------------------------------------------------------------------------------

*** tstop() called on vlita-ThinkPad-T490 at Thu Apr 10 20:35:36 2025
Module time:
	user time   =       0.40 seconds =       0.01 minutes
	system time =       0.00 seconds =       0.00 minutes
	total time  =          1 seconds =       0.02 minutes
Total time:
	user time   =      37.79 seconds =       0.63 minutes
	system time =       0.84 seconds =       0.01 minutes
	total time  =         39 seconds =       0.65 minutes
 MINTS: Wrapper to libmints.
   by Justin Turney

   Calculation information:
      Number of threads:                 1
      Number of atoms:                  10
      Number of AO shells:              10
      Number of SO shells:              10
      Number of primitives:             60
      Number of atomic orbitals:        10
      Number of basis functions:        10

      Number of irreps:                  1
      Integral cutoff                 1.00e-12
      Number of functions per irrep: [  10 ]

 OEINTS: Overlap, kinetic, potential, dipole, and quadrupole integrals
         stored in file 35.

      Computing two-electron integrals...done
      Computed 1540 non-zero two-electron integrals.
        Stored in file 33.


         ---------------------------------------------------------
                          Configuration Interaction
                            (a 'D E T C I' module)

                 C. David Sherrill, Daniel G. A. Smith, and
                              Matt L. Leininger
         ---------------------------------------------------------


   ==> Parameters <==

    EX LEVEL       =       10      H0 BLOCKSIZE  =     1000
    VAL EX LEVEL   =        0      H0 GUESS SIZE =     1000
    H0COUPLINGSIZE =        0      H0 COUPLING   =       NO
    MAXITER        =      100      NUM PRINT     =       20
    NUM ROOTS      =        1      ICORE         =        1
    PRINT LVL      =        1      FCI           =      YES
    R CONV         = 1.00e-04      MIXED         =      YES
    E CONV         = 1.00e-08      MIXED4        =      YES
    R4S            =       NO      REPL OTF      =       NO
    DIAG METHOD    =      SEM      FOLLOW ROOT   =        0
    PRECONDITIONER = DAVIDSON      UPDATE        = DAVIDSON
    S              =   0.0000      Ms0           =      YES
    GUESS VECTOR   =  H0BLOCK      OPENTYPE      =     NONE
    COLLAPSE SIZE  =        1      HD AVG        = EVANGELISTI
    MAX NUM VECS   =      101      REF SYM       =     AUTO
    IOPEN        =       NO

    EX ALLOW       =  1  1  1  1  1  1  1  1  1  1 
    STATE AVERAGE  =  0(1.00) 

   ==> CI Orbital and Space information <==

   ------------------------------------
               Space    Total     A
   ------------------------------------
                 Nso       10    10
                 Nmo       10    10
               Ndocc        5     5
               Nsocc        0     0
   ------------------------------------
              CI Spaces
   ------------------------------------
        Dropped DOCC        0     0
              Active       10    10
        Dropped UOCC        0     0
   ------------------------------------

   ==> Setting up CI strings <==

    There are 252 alpha and 252 beta strings
    The CI space requires 63504 (6.35E+04) determinants and 1 blocks

   ==> Transforming CI integrals <==

	Presorting SO-basis two-electron integrals.
	Sorting File: SO Ints (nn|nn) nbuckets = 1
	Constructing frozen core operators
	Starting first half-transformation.
	Sorting half-transformed integrals.
	First half integral transformation complete.
	Starting second half-transformation.
	Two-electron integral transformation complete.

   ==> Starting CI iterations <==

    H0 Block Eigenvalue =  -4.60206555

    Simultaneous Expansion Method (Block Davidson Method)
    Using 1 initial trial vectors

     Iter   Root       Total Energy       Delta E      C RMS

   @CI  0:     0     -4.602065550243   -1.7320E+01   3.4204E-01  
   @CI  1:     0     -4.691691230447   -8.9626E-02   1.9928E-01  
   @CI  2:     0     -4.715125713555   -2.3434E-02   1.2733E-01  
   @CI  3:     0     -4.727300810822   -1.2175E-02   8.0727E-02  
   @CI  4:     0     -4.731742215677   -4.4414E-03   4.9896E-02  
   @CI  5:     0     -4.733137622271   -1.3954E-03   2.4020E-02  
   @CI  6:     0     -4.733397876330   -2.6025E-04   1.0477E-02  
   @CI  7:     0     -4.733447332514   -4.9456E-05   4.1509E-03  
   @CI  8:     0     -4.733456353852   -9.0213E-06   1.8506E-03  
   @CI  9:     0     -4.733458184393   -1.8305E-06   8.2493E-04  
   @CI 10:     0     -4.733458529049   -3.4466E-07   3.5512E-04  
   @CI 11:     0     -4.733458592870   -6.3821E-08   1.6008E-04  
   @CI 12:     0     -4.733458605927   -1.3057E-08   6.9358E-05  
   @CI 13:     0     -4.733458608678   -2.7511E-09   3.3139E-05 c

   ==> Energetics <==

    SCF energy =           -4.328310105101101
    Total CI energy =      -4.733458608678482

   ==> FCI root 0 information <==

    FCI Root 0 energy =    -4.733458608678482

   The 20 most important determinants:

    *   1    0.616513  (    0,    0)  1AX 2AX 3AX 4AX 5AX 
    *   2   -0.265541  (    1,    1)  1AX 2AX 3AX 4AX 6AX 
    *   3   -0.265541  (   21,   21)  1AX 2AX 3AX 4AX 8AX 
    *   4   -0.265541  (    6,    6)  1AX 2AX 3AX 4AX 7AX 
    *   5    0.115524  (   56,   56)  1AX 2AX 3AX 4AX 9AX 
    *   6    0.115524  (  126,  126)  1AX 2AX 3AX 4AX 10AX 
    *   7    0.076953  (    7,   21)  1AX 2AX 3AX 4AB 5AA 7AA 8AB 
    *   8    0.076953  (   21,    7)  1AX 2AX 3AX 4AA 5AB 7AB 8AA 
    *   9    0.076953  (    6,   22)  1AX 2AX 3AX 4AA 5AB 7AA 8AB 
    *  10    0.076953  (   22,    6)  1AX 2AX 3AX 4AB 5AA 7AB 8AA 
    *  11    0.069033  (    3,    6)  1AX 2AX 3AB 4AX 5AA 6AA 7AB 
    *  12    0.069033  (    6,    3)  1AX 2AX 3AA 4AX 5AB 6AB 7AA 
    *  13    0.069033  (    1,    8)  1AX 2AX 3AA 4AX 5AB 6AA 7AB 
    *  14    0.069033  (    8,    1)  1AX 2AX 3AB 4AX 5AA 6AB 7AA 
    *  15   -0.066403  (  129,  129)  1AX 3AX 4AX 5AX 10AX 
    *  16    0.066234  (    4,   21)  1AX 2AB 3AX 4AX 5AA 6AA 8AB 
    *  17    0.066234  (   21,    4)  1AX 2AA 3AX 4AX 5AB 6AB 8AA 
    *  18    0.066234  (    1,   24)  1AX 2AA 3AX 4AX 5AB 6AA 8AB 
    *  19    0.066234  (   24,    1)  1AX 2AB 3AX 4AX 5AA 6AB 8AA 
    *  20    0.061474  (    1,    4)  1AX 2AA 3AX 4AX 5AB 6AX 

		 "A good bug is a dead bug" 

			 - Starship Troopers

		 "I didn't write FORTRAN.  That's the problem."

			 - Edward Valeev
